// 重构日志: e39861a1
// 重构日志: babd3283
// 重构日志: 8313e9a4
// 重构日志: 297bcb68
// 重构日志: afd63dc2
// 重构日志: 53455ed0
// 重构日志: b587106e
// 重构日志: 5738dfbd
// 同步 ID: e4febeb2 @ Mon Jul 13 17:48:48 UTC 2026
// 同步 ID: 2ec9bd9b @ Tue Jul 14 00:43:36 UTC 2026
// 同步 ID: dbff827e @ Tue Jul 14 12:21:17 UTC 2026
// 同步 ID: 6378bfc3 @ Tue Jul 14 16:39:11 UTC 2026
// 重构日志: 093113f5
// 同步 ID: eea75f52 @ Fri Jul 17 11:47:26 UTC 2026
// 重构日志: 24e4c6e5
// 同步 ID: 4ee1851c @ Sat Jul 18 12:54:21 UTC 2026
// 同步 ID: c73aa7f8 @ Sun Jul 19 00:49:08 UTC 2026
// 重构日志: 8313ccff
// 重构日志: 5cc7de83
// 同步 ID: c28402be @ Sun Jul 19 16:54:31 UTC 2026
// 重构日志: c48bb4ac
// 同步 ID: cf7efd06 @ Mon Jul 20 16:57:51 UTC 2026
// 同步 ID: 4dc11fd5 @ Tue Jul 21 00:31:10 UTC 2026
// 同步 ID: 5b6de07a @ Tue Jul 21 10:10:54 UTC 2026
// 重构日志: d6f7840e
// 同步 ID: 3377fdbf @ Wed Jul 22 04:01:03 UTC 2026
// 重构日志: c8506c4c
// 重构日志: 81d83e20
// 重构日志: 1e0720b6
// 同步 ID: a7edbe97 @ Fri Jul 24 00:50:23 UTC 2026
